c:\users\денис\source\repos\lab4\lab4\debug\lab4.pch
c:\users\денис\source\repos\lab4\lab4\debug\vc141.pdb
c:\users\денис\source\repos\lab4\lab4\debug\vc141.idb
c:\users\денис\source\repos\lab4\lab4\debug\stdafx.obj
c:\users\денис\source\repos\lab4\lab4\debug\lab4.obj
c:\users\денис\source\repos\lab4\lab4\debug\friends.obj
c:\users\денис\source\repos\lab4\lab4\debug\delivery2.obj
c:\users\денис\source\repos\lab4\lab4\debug\delivery1.obj
c:\users\денис\source\repos\lab4\lab4\debug\fio.obj
c:\users\денис\source\repos\lab4\lab4\debug\date.obj
c:\users\денис\source\repos\lab4\lab4\debug\common.obj
c:\users\денис\source\repos\lab4\debug\lab4.exe
c:\users\денис\source\repos\lab4\debug\lab4.ilk
c:\users\денис\source\repos\lab4\debug\lab4.pdb
c:\users\денис\source\repos\lab4\lab4\debug\lab4.tlog\cl.command.1.tlog
c:\users\денис\source\repos\lab4\lab4\debug\lab4.tlog\cl.read.1.tlog
c:\users\денис\source\repos\lab4\lab4\debug\lab4.tlog\cl.write.1.tlog
c:\users\денис\source\repos\lab4\lab4\debug\lab4.tlog\link.command.1.tlog
c:\users\денис\source\repos\lab4\lab4\debug\lab4.tlog\link.read.1.tlog
c:\users\денис\source\repos\lab4\lab4\debug\lab4.tlog\link.write.1.tlog
